2016/03/14 21:31:56 [error] [exception.CDbException] exception 'CDbException' with message 'CDbConnection failed to open the DB connection: could not find driver' in /var/www/hitwicket/yii-1.1.13/framework/db/CDbConnection.php:381
Stack trace:
#0 /var/www/hitwicket/yii-1.1.13/framework/db/CDbConnection.php(330): CDbConnection->open()
#1 /var/www/hitwicket/yii-1.1.13/framework/db/CDbConnection.php(308): CDbConnection->setActive(true)
#2 /var/www/hitwicket/yii-1.1.13/framework/base/CModule.php(387): CDbConnection->init()
#3 /var/www/hitwicket/yii-1.1.13/framework/base/CApplication.php(438): CModule->getComponent('db')
#4 /var/www/hitwicket/yii-1.1.13/framework/db/ar/CActiveRecord.php(623): CApplication->getDb()
#5 /var/www/hitwicket/yii-1.1.13/framework/db/ar/CActiveRecord.php(2309): CActiveRecord->getDbConnection()
#6 /var/www/hitwicket/yii-1.1.13/framework/db/ar/CActiveRecord.php(387): CActiveRecordMetaData->__construct(Object(Post))
#7 /var/www/android_backend/protected/models/Post.php(14): CActiveRecord::model('Post')
#8 /var/www/android_backend/protected/controllers/PostController.php(5): Post::model()
#9 /var/www/hitwicket/yii-1.1.13/framework/web/actions/CInlineAction.php(49): PostController->actionIndex()
#10 /var/www/hitwicket/yii-1.1.13/framework/web/CController.php(308): CInlineAction->runWithParams(Array)
#11 /var/www/hitwicket/yii-1.1.13/framework/web/CController.php(286): CController->runAction(Object(CInlineAction))
#12 /var/www/hitwicket/yii-1.1.13/framework/web/CController.php(265): CController->runActionWithFilters(Object(CInlineAction), Array)
#13 /var/www/hitwicket/yii-1.1.13/framework/web/CWebApplication.php(282): CController->run('index')
#14 /var/www/hitwicket/yii-1.1.13/framework/web/CWebApplication.php(141): CWebApplication->runController('post/index')
#15 /var/www/hitwicket/yii-1.1.13/framework/base/CApplication.php(169): CWebApplication->processRequest()
#16 /var/www/android_backend/index.php(13): CApplication->run()
#17 {main}
REQUEST_URI=/android_backend/post/index
---
2016/03/14 21:33:22 [error] [exception.CDbException] exception 'CDbException' with message 'CDbConnection failed to open the DB connection: SQLSTATE[28000] [1045] Access denied for user 'root'@'localhost' (using password: NO)' in /var/www/hitwicket/yii-1.1.13/framework/db/CDbConnection.php:381
Stack trace:
#0 /var/www/hitwicket/yii-1.1.13/framework/db/CDbConnection.php(330): CDbConnection->open()
#1 /var/www/hitwicket/yii-1.1.13/framework/db/CDbConnection.php(308): CDbConnection->setActive(true)
#2 /var/www/hitwicket/yii-1.1.13/framework/base/CModule.php(387): CDbConnection->init()
#3 /var/www/hitwicket/yii-1.1.13/framework/base/CApplication.php(438): CModule->getComponent('db')
#4 /var/www/hitwicket/yii-1.1.13/framework/db/ar/CActiveRecord.php(623): CApplication->getDb()
#5 /var/www/hitwicket/yii-1.1.13/framework/db/ar/CActiveRecord.php(2309): CActiveRecord->getDbConnection()
#6 /var/www/hitwicket/yii-1.1.13/framework/db/ar/CActiveRecord.php(387): CActiveRecordMetaData->__construct(Object(Post))
#7 /var/www/android_backend/protected/models/Post.php(14): CActiveRecord::model('Post')
#8 /var/www/android_backend/protected/controllers/PostController.php(5): Post::model()
#9 /var/www/hitwicket/yii-1.1.13/framework/web/actions/CInlineAction.php(49): PostController->actionIndex()
#10 /var/www/hitwicket/yii-1.1.13/framework/web/CController.php(308): CInlineAction->runWithParams(Array)
#11 /var/www/hitwicket/yii-1.1.13/framework/web/CController.php(286): CController->runAction(Object(CInlineAction))
#12 /var/www/hitwicket/yii-1.1.13/framework/web/CController.php(265): CController->runActionWithFilters(Object(CInlineAction), Array)
#13 /var/www/hitwicket/yii-1.1.13/framework/web/CWebApplication.php(282): CController->run('index')
#14 /var/www/hitwicket/yii-1.1.13/framework/web/CWebApplication.php(141): CWebApplication->runController('post/index')
#15 /var/www/hitwicket/yii-1.1.13/framework/base/CApplication.php(169): CWebApplication->processRequest()
#16 /var/www/android_backend/index.php(13): CApplication->run()
#17 {main}
REQUEST_URI=/android_backend/post/index
---
2016/03/14 21:33:24 [error] [exception.CDbException] exception 'CDbException' with message 'CDbConnection failed to open the DB connection: SQLSTATE[28000] [1045] Access denied for user 'root'@'localhost' (using password: NO)' in /var/www/hitwicket/yii-1.1.13/framework/db/CDbConnection.php:381
Stack trace:
#0 /var/www/hitwicket/yii-1.1.13/framework/db/CDbConnection.php(330): CDbConnection->open()
#1 /var/www/hitwicket/yii-1.1.13/framework/db/CDbConnection.php(308): CDbConnection->setActive(true)
#2 /var/www/hitwicket/yii-1.1.13/framework/base/CModule.php(387): CDbConnection->init()
#3 /var/www/hitwicket/yii-1.1.13/framework/base/CApplication.php(438): CModule->getComponent('db')
#4 /var/www/hitwicket/yii-1.1.13/framework/db/ar/CActiveRecord.php(623): CApplication->getDb()
#5 /var/www/hitwicket/yii-1.1.13/framework/db/ar/CActiveRecord.php(2309): CActiveRecord->getDbConnection()
#6 /var/www/hitwicket/yii-1.1.13/framework/db/ar/CActiveRecord.php(387): CActiveRecordMetaData->__construct(Object(Post))
#7 /var/www/android_backend/protected/models/Post.php(14): CActiveRecord::model('Post')
#8 /var/www/android_backend/protected/controllers/PostController.php(5): Post::model()
#9 /var/www/hitwicket/yii-1.1.13/framework/web/actions/CInlineAction.php(49): PostController->actionIndex()
#10 /var/www/hitwicket/yii-1.1.13/framework/web/CController.php(308): CInlineAction->runWithParams(Array)
#11 /var/www/hitwicket/yii-1.1.13/framework/web/CController.php(286): CController->runAction(Object(CInlineAction))
#12 /var/www/hitwicket/yii-1.1.13/framework/web/CController.php(265): CController->runActionWithFilters(Object(CInlineAction), Array)
#13 /var/www/hitwicket/yii-1.1.13/framework/web/CWebApplication.php(282): CController->run('index')
#14 /var/www/hitwicket/yii-1.1.13/framework/web/CWebApplication.php(141): CWebApplication->runController('post/index')
#15 /var/www/hitwicket/yii-1.1.13/framework/base/CApplication.php(169): CWebApplication->processRequest()
#16 /var/www/android_backend/index.php(13): CApplication->run()
#17 {main}
REQUEST_URI=/android_backend/post/index
---
2016/03/14 21:33:25 [error] [exception.CDbException] exception 'CDbException' with message 'CDbConnection failed to open the DB connection: SQLSTATE[28000] [1045] Access denied for user 'root'@'localhost' (using password: NO)' in /var/www/hitwicket/yii-1.1.13/framework/db/CDbConnection.php:381
Stack trace:
#0 /var/www/hitwicket/yii-1.1.13/framework/db/CDbConnection.php(330): CDbConnection->open()
#1 /var/www/hitwicket/yii-1.1.13/framework/db/CDbConnection.php(308): CDbConnection->setActive(true)
#2 /var/www/hitwicket/yii-1.1.13/framework/base/CModule.php(387): CDbConnection->init()
#3 /var/www/hitwicket/yii-1.1.13/framework/base/CApplication.php(438): CModule->getComponent('db')
#4 /var/www/hitwicket/yii-1.1.13/framework/db/ar/CActiveRecord.php(623): CApplication->getDb()
#5 /var/www/hitwicket/yii-1.1.13/framework/db/ar/CActiveRecord.php(2309): CActiveRecord->getDbConnection()
#6 /var/www/hitwicket/yii-1.1.13/framework/db/ar/CActiveRecord.php(387): CActiveRecordMetaData->__construct(Object(Post))
#7 /var/www/android_backend/protected/models/Post.php(14): CActiveRecord::model('Post')
#8 /var/www/android_backend/protected/controllers/PostController.php(5): Post::model()
#9 /var/www/hitwicket/yii-1.1.13/framework/web/actions/CInlineAction.php(49): PostController->actionIndex()
#10 /var/www/hitwicket/yii-1.1.13/framework/web/CController.php(308): CInlineAction->runWithParams(Array)
#11 /var/www/hitwicket/yii-1.1.13/framework/web/CController.php(286): CController->runAction(Object(CInlineAction))
#12 /var/www/hitwicket/yii-1.1.13/framework/web/CController.php(265): CController->runActionWithFilters(Object(CInlineAction), Array)
#13 /var/www/hitwicket/yii-1.1.13/framework/web/CWebApplication.php(282): CController->run('index')
#14 /var/www/hitwicket/yii-1.1.13/framework/web/CWebApplication.php(141): CWebApplication->runController('post/index')
#15 /var/www/hitwicket/yii-1.1.13/framework/base/CApplication.php(169): CWebApplication->processRequest()
#16 /var/www/android_backend/index.php(13): CApplication->run()
#17 {main}
REQUEST_URI=/android_backend/post/index
---
2016/03/14 21:33:26 [error] [exception.CDbException] exception 'CDbException' with message 'CDbConnection failed to open the DB connection: SQLSTATE[28000] [1045] Access denied for user 'root'@'localhost' (using password: NO)' in /var/www/hitwicket/yii-1.1.13/framework/db/CDbConnection.php:381
Stack trace:
#0 /var/www/hitwicket/yii-1.1.13/framework/db/CDbConnection.php(330): CDbConnection->open()
#1 /var/www/hitwicket/yii-1.1.13/framework/db/CDbConnection.php(308): CDbConnection->setActive(true)
#2 /var/www/hitwicket/yii-1.1.13/framework/base/CModule.php(387): CDbConnection->init()
#3 /var/www/hitwicket/yii-1.1.13/framework/base/CApplication.php(438): CModule->getComponent('db')
#4 /var/www/hitwicket/yii-1.1.13/framework/db/ar/CActiveRecord.php(623): CApplication->getDb()
#5 /var/www/hitwicket/yii-1.1.13/framework/db/ar/CActiveRecord.php(2309): CActiveRecord->getDbConnection()
#6 /var/www/hitwicket/yii-1.1.13/framework/db/ar/CActiveRecord.php(387): CActiveRecordMetaData->__construct(Object(Post))
#7 /var/www/android_backend/protected/models/Post.php(14): CActiveRecord::model('Post')
#8 /var/www/android_backend/protected/controllers/PostController.php(5): Post::model()
#9 /var/www/hitwicket/yii-1.1.13/framework/web/actions/CInlineAction.php(49): PostController->actionIndex()
#10 /var/www/hitwicket/yii-1.1.13/framework/web/CController.php(308): CInlineAction->runWithParams(Array)
#11 /var/www/hitwicket/yii-1.1.13/framework/web/CController.php(286): CController->runAction(Object(CInlineAction))
#12 /var/www/hitwicket/yii-1.1.13/framework/web/CController.php(265): CController->runActionWithFilters(Object(CInlineAction), Array)
#13 /var/www/hitwicket/yii-1.1.13/framework/web/CWebApplication.php(282): CController->run('index')
#14 /var/www/hitwicket/yii-1.1.13/framework/web/CWebApplication.php(141): CWebApplication->runController('post/index')
#15 /var/www/hitwicket/yii-1.1.13/framework/base/CApplication.php(169): CWebApplication->processRequest()
#16 /var/www/android_backend/index.php(13): CApplication->run()
#17 {main}
REQUEST_URI=/android_backend/post/index
---
2016/03/14 21:33:51 [error] [exception.CException] exception 'CException' with message 'PostController and its behaviors do not have a method or closure named "renderData".' in /var/www/hitwicket/yii-1.1.13/framework/base/CComponent.php:265
Stack trace:
#0 /var/www/android_backend/protected/controllers/PostController.php(14): CComponent->__call('renderData', Array)
#1 /var/www/android_backend/protected/controllers/PostController.php(14): PostController->renderData(Array)
#2 /var/www/hitwicket/yii-1.1.13/framework/web/actions/CInlineAction.php(49): PostController->actionIndex()
#3 /var/www/hitwicket/yii-1.1.13/framework/web/CController.php(308): CInlineAction->runWithParams(Array)
#4 /var/www/hitwicket/yii-1.1.13/framework/web/CController.php(286): CController->runAction(Object(CInlineAction))
#5 /var/www/hitwicket/yii-1.1.13/framework/web/CController.php(265): CController->runActionWithFilters(Object(CInlineAction), Array)
#6 /var/www/hitwicket/yii-1.1.13/framework/web/CWebApplication.php(282): CController->run('index')
#7 /var/www/hitwicket/yii-1.1.13/framework/web/CWebApplication.php(141): CWebApplication->runController('post/index')
#8 /var/www/hitwicket/yii-1.1.13/framework/base/CApplication.php(169): CWebApplication->processRequest()
#9 /var/www/android_backend/index.php(13): CApplication->run()
#10 {main}
REQUEST_URI=/android_backend/post/index
---
2016/03/16 12:55:35 [error] [exception.CHttpException.404] exception 'CHttpException' with message 'Unable to resolve the request "comment/show".' in /var/www/hitwicket/yii-1.1.13/framework/web/CWebApplication.php:286
Stack trace:
#0 /var/www/hitwicket/yii-1.1.13/framework/web/CWebApplication.php(141): CWebApplication->runController('comment/show')
#1 /var/www/hitwicket/yii-1.1.13/framework/base/CApplication.php(169): CWebApplication->processRequest()
#2 /var/www/android_backend/index.php(13): CApplication->run()
#3 {main}
REQUEST_URI=/android_backend/comment/show?id=1
---
2016/03/16 12:56:57 [error] [exception.CHttpException.404] exception 'CHttpException' with message 'Unable to resolve the request "comment/show".' in /var/www/hitwicket/yii-1.1.13/framework/web/CWebApplication.php:286
Stack trace:
#0 /var/www/hitwicket/yii-1.1.13/framework/web/CWebApplication.php(141): CWebApplication->runController('comment/show')
#1 /var/www/hitwicket/yii-1.1.13/framework/base/CApplication.php(169): CWebApplication->processRequest()
#2 /var/www/android_backend/index.php(13): CApplication->run()
#3 {main}
REQUEST_URI=/android_backend/comment/show?id=1
---
2016/03/16 12:57:32 [error] [exception.CHttpException.404] exception 'CHttpException' with message 'Unable to resolve the request "comment/show".' in /var/www/hitwicket/yii-1.1.13/framework/web/CWebApplication.php:286
Stack trace:
#0 /var/www/hitwicket/yii-1.1.13/framework/web/CWebApplication.php(141): CWebApplication->runController('comment/show')
#1 /var/www/hitwicket/yii-1.1.13/framework/base/CApplication.php(169): CWebApplication->processRequest()
#2 /var/www/android_backend/index.php(13): CApplication->run()
#3 {main}
REQUEST_URI=/android_backend/comment/show?id=1
---
2016/03/16 12:57:34 [error] [exception.CHttpException.404] exception 'CHttpException' with message 'Unable to resolve the request "comment/show".' in /var/www/hitwicket/yii-1.1.13/framework/web/CWebApplication.php:286
Stack trace:
#0 /var/www/hitwicket/yii-1.1.13/framework/web/CWebApplication.php(141): CWebApplication->runController('comment/show')
#1 /var/www/hitwicket/yii-1.1.13/framework/base/CApplication.php(169): CWebApplication->processRequest()
#2 /var/www/android_backend/index.php(13): CApplication->run()
#3 {main}
REQUEST_URI=/android_backend/comment/show?id=1
---
2016/03/16 12:57:51 [error] [exception.CHttpException.404] exception 'CHttpException' with message 'Unable to resolve the request "comment/show".' in /var/www/hitwicket/yii-1.1.13/framework/web/CWebApplication.php:286
Stack trace:
#0 /var/www/hitwicket/yii-1.1.13/framework/web/CWebApplication.php(141): CWebApplication->runController('comment/show')
#1 /var/www/hitwicket/yii-1.1.13/framework/base/CApplication.php(169): CWebApplication->processRequest()
#2 /var/www/android_backend/index.php(13): CApplication->run()
#3 {main}
REQUEST_URI=/android_backend/comment/show?id=1
---
2016/03/16 12:57:52 [error] [exception.CHttpException.404] exception 'CHttpException' with message 'Unable to resolve the request "comment/show".' in /var/www/hitwicket/yii-1.1.13/framework/web/CWebApplication.php:286
Stack trace:
#0 /var/www/hitwicket/yii-1.1.13/framework/web/CWebApplication.php(141): CWebApplication->runController('comment/show')
#1 /var/www/hitwicket/yii-1.1.13/framework/base/CApplication.php(169): CWebApplication->processRequest()
#2 /var/www/android_backend/index.php(13): CApplication->run()
#3 {main}
REQUEST_URI=/android_backend/comment/show?id=1
---
2016/03/16 12:57:52 [error] [exception.CHttpException.404] exception 'CHttpException' with message 'Unable to resolve the request "comment/show".' in /var/www/hitwicket/yii-1.1.13/framework/web/CWebApplication.php:286
Stack trace:
#0 /var/www/hitwicket/yii-1.1.13/framework/web/CWebApplication.php(141): CWebApplication->runController('comment/show')
#1 /var/www/hitwicket/yii-1.1.13/framework/base/CApplication.php(169): CWebApplication->processRequest()
#2 /var/www/android_backend/index.php(13): CApplication->run()
#3 {main}
REQUEST_URI=/android_backend/comment/show?id=1
---
2016/03/16 12:57:53 [error] [exception.CHttpException.404] exception 'CHttpException' with message 'Unable to resolve the request "comment/show".' in /var/www/hitwicket/yii-1.1.13/framework/web/CWebApplication.php:286
Stack trace:
#0 /var/www/hitwicket/yii-1.1.13/framework/web/CWebApplication.php(141): CWebApplication->runController('comment/show')
#1 /var/www/hitwicket/yii-1.1.13/framework/base/CApplication.php(169): CWebApplication->processRequest()
#2 /var/www/android_backend/index.php(13): CApplication->run()
#3 {main}
REQUEST_URI=/android_backend/comment/show?id=1
---
2016/03/16 12:57:53 [error] [exception.CHttpException.404] exception 'CHttpException' with message 'Unable to resolve the request "comment/show".' in /var/www/hitwicket/yii-1.1.13/framework/web/CWebApplication.php:286
Stack trace:
#0 /var/www/hitwicket/yii-1.1.13/framework/web/CWebApplication.php(141): CWebApplication->runController('comment/show')
#1 /var/www/hitwicket/yii-1.1.13/framework/base/CApplication.php(169): CWebApplication->processRequest()
#2 /var/www/android_backend/index.php(13): CApplication->run()
#3 {main}
REQUEST_URI=/android_backend/comment/show?id=1
---
2016/03/16 12:57:53 [error] [exception.CHttpException.404] exception 'CHttpException' with message 'Unable to resolve the request "comment/show".' in /var/www/hitwicket/yii-1.1.13/framework/web/CWebApplication.php:286
Stack trace:
#0 /var/www/hitwicket/yii-1.1.13/framework/web/CWebApplication.php(141): CWebApplication->runController('comment/show')
#1 /var/www/hitwicket/yii-1.1.13/framework/base/CApplication.php(169): CWebApplication->processRequest()
#2 /var/www/android_backend/index.php(13): CApplication->run()
#3 {main}
REQUEST_URI=/android_backend/comment/show?id=1
---
2016/03/16 12:57:54 [error] [exception.CHttpException.404] exception 'CHttpException' with message 'Unable to resolve the request "comment/show".' in /var/www/hitwicket/yii-1.1.13/framework/web/CWebApplication.php:286
Stack trace:
#0 /var/www/hitwicket/yii-1.1.13/framework/web/CWebApplication.php(141): CWebApplication->runController('comment/show')
#1 /var/www/hitwicket/yii-1.1.13/framework/base/CApplication.php(169): CWebApplication->processRequest()
#2 /var/www/android_backend/index.php(13): CApplication->run()
#3 {main}
REQUEST_URI=/android_backend/comment/show?id=1
---
2016/03/16 12:57:54 [error] [exception.CHttpException.404] exception 'CHttpException' with message 'Unable to resolve the request "comment/show".' in /var/www/hitwicket/yii-1.1.13/framework/web/CWebApplication.php:286
Stack trace:
#0 /var/www/hitwicket/yii-1.1.13/framework/web/CWebApplication.php(141): CWebApplication->runController('comment/show')
#1 /var/www/hitwicket/yii-1.1.13/framework/base/CApplication.php(169): CWebApplication->processRequest()
#2 /var/www/android_backend/index.php(13): CApplication->run()
#3 {main}
REQUEST_URI=/android_backend/comment/show?id=1
---
2016/03/16 12:59:47 [error] [exception.CHttpException.404] exception 'CHttpException' with message 'Unable to resolve the request "comment/show/id/1".' in /var/www/hitwicket/yii-1.1.13/framework/web/CWebApplication.php:286
Stack trace:
#0 /var/www/hitwicket/yii-1.1.13/framework/web/CWebApplication.php(141): CWebApplication->runController('comment/show/id...')
#1 /var/www/hitwicket/yii-1.1.13/framework/base/CApplication.php(169): CWebApplication->processRequest()
#2 /var/www/android_backend/index.php(13): CApplication->run()
#3 {main}
REQUEST_URI=/android_backend/comment/show/id/1
---
2016/03/16 13:01:22 [error] [exception.CHttpException.404] exception 'CHttpException' with message 'Unable to resolve the request "comment/show".' in /var/www/hitwicket/yii-1.1.13/framework/web/CWebApplication.php:286
Stack trace:
#0 /var/www/hitwicket/yii-1.1.13/framework/web/CWebApplication.php(141): CWebApplication->runController('comment/show')
#1 /var/www/hitwicket/yii-1.1.13/framework/base/CApplication.php(169): CWebApplication->processRequest()
#2 /var/www/android_backend/index.php(13): CApplication->run()
#3 {main}
REQUEST_URI=/android_backend/comment/show?id=1
---
2016/03/16 15:50:26 [error] [php] include(PostTable.php): failed to open stream: No such file or directory (/var/www/hitwicket/yii-1.1.13/framework/YiiBase.php:421)
Stack trace:
#0 /var/www/android_backend/protected/models/Post.php(51): spl_autoload_call()
#1 /var/www/android_backend/protected/controllers/PostController.php(18): create()
#2 unknown(0): PostController->actionCreate()
#3 /var/www/hitwicket/yii-1.1.13/framework/web/actions/CAction.php(108): ReflectionMethod->invokeArgs()
#4 /var/www/hitwicket/yii-1.1.13/framework/web/actions/CInlineAction.php(47): CInlineAction->runWithParamsInternal()
#5 /var/www/hitwicket/yii-1.1.13/framework/web/CController.php(308): CInlineAction->runWithParams()
#6 /var/www/hitwicket/yii-1.1.13/framework/web/CController.php(286): PostController->runAction()
#7 /var/www/hitwicket/yii-1.1.13/framework/web/CController.php(265): PostController->runActionWithFilters()
#8 /var/www/hitwicket/yii-1.1.13/framework/web/CWebApplication.php(282): PostController->run()
#9 /var/www/hitwicket/yii-1.1.13/framework/web/CWebApplication.php(141): CWebApplication->runController()
#10 /var/www/hitwicket/yii-1.1.13/framework/base/CApplication.php(169): CWebApplication->processRequest()
#11 /var/www/android_backend/index.php(13): CWebApplication->run()
REQUEST_URI=/android_backend/post/create/?content=testing+if+post+gets+saved&author=prudvi&title=3rd+post
in /var/www/android_backend/protected/models/Post.php (51)
in /var/www/android_backend/protected/controllers/PostController.php (18)
in /var/www/android_backend/index.php (13)
2016/03/16 16:01:16 [error] [php] include(PostTable.php): failed to open stream: No such file or directory (/var/www/hitwicket/yii-1.1.13/framework/YiiBase.php:421)
Stack trace:
#0 /var/www/android_backend/protected/models/Post.php(51): spl_autoload_call()
#1 /var/www/android_backend/protected/controllers/PostController.php(18): create()
#2 unknown(0): PostController->actionCreate()
#3 /var/www/hitwicket/yii-1.1.13/framework/web/actions/CAction.php(108): ReflectionMethod->invokeArgs()
#4 /var/www/hitwicket/yii-1.1.13/framework/web/actions/CInlineAction.php(47): CInlineAction->runWithParamsInternal()
#5 /var/www/hitwicket/yii-1.1.13/framework/web/CController.php(308): CInlineAction->runWithParams()
#6 /var/www/hitwicket/yii-1.1.13/framework/web/CController.php(286): PostController->runAction()
#7 /var/www/hitwicket/yii-1.1.13/framework/web/CController.php(265): PostController->runActionWithFilters()
#8 /var/www/hitwicket/yii-1.1.13/framework/web/CWebApplication.php(282): PostController->run()
#9 /var/www/hitwicket/yii-1.1.13/framework/web/CWebApplication.php(141): CWebApplication->runController()
#10 /var/www/hitwicket/yii-1.1.13/framework/base/CApplication.php(169): CWebApplication->processRequest()
#11 /var/www/android_backend/index.php(13): CWebApplication->run()
REQUEST_URI=/android_backend/post/create/?content=ghjjxhdj&author=gddhhd&title=hhjdj
in /var/www/android_backend/protected/models/Post.php (51)
in /var/www/android_backend/protected/controllers/PostController.php (18)
in /var/www/android_backend/index.php (13)
2016/03/16 16:02:25 [error] [php] include(PostTable.php): failed to open stream: No such file or directory (/var/www/hitwicket/yii-1.1.13/framework/YiiBase.php:421)
Stack trace:
#0 /var/www/android_backend/protected/models/Post.php(51): spl_autoload_call()
#1 /var/www/android_backend/protected/controllers/PostController.php(18): create()
#2 unknown(0): PostController->actionCreate()
#3 /var/www/hitwicket/yii-1.1.13/framework/web/actions/CAction.php(108): ReflectionMethod->invokeArgs()
#4 /var/www/hitwicket/yii-1.1.13/framework/web/actions/CInlineAction.php(47): CInlineAction->runWithParamsInternal()
#5 /var/www/hitwicket/yii-1.1.13/framework/web/CController.php(308): CInlineAction->runWithParams()
#6 /var/www/hitwicket/yii-1.1.13/framework/web/CController.php(286): PostController->runAction()
#7 /var/www/hitwicket/yii-1.1.13/framework/web/CController.php(265): PostController->runActionWithFilters()
#8 /var/www/hitwicket/yii-1.1.13/framework/web/CWebApplication.php(282): PostController->run()
#9 /var/www/hitwicket/yii-1.1.13/framework/web/CWebApplication.php(141): CWebApplication->runController()
#10 /var/www/hitwicket/yii-1.1.13/framework/base/CApplication.php(169): CWebApplication->processRequest()
#11 /var/www/android_backend/index.php(13): CWebApplication->run()
REQUEST_URI=/android_backend/post/create/?content=ghjjxhdj&author=gddhhd&title=hhjdj
in /var/www/android_backend/protected/models/Post.php (51)
in /var/www/android_backend/protected/controllers/PostController.php (18)
in /var/www/android_backend/index.php (13)
2016/03/16 17:55:02 [error] [php] Trying to get property of non-object (/var/www/android_backend/protected/controllers/PostController.php:28)
Stack trace:
#0 /var/www/hitwicket/yii-1.1.13/framework/web/actions/CInlineAction.php(47): CInlineAction->runWithParamsInternal()
#1 /var/www/hitwicket/yii-1.1.13/framework/web/CController.php(308): CInlineAction->runWithParams()
#2 /var/www/hitwicket/yii-1.1.13/framework/web/CController.php(286): PostController->runAction()
#3 /var/www/hitwicket/yii-1.1.13/framework/web/CController.php(265): PostController->runActionWithFilters()
#4 /var/www/hitwicket/yii-1.1.13/framework/web/CWebApplication.php(282): PostController->run()
#5 /var/www/hitwicket/yii-1.1.13/framework/web/CWebApplication.php(141): CWebApplication->runController()
#6 /var/www/hitwicket/yii-1.1.13/framework/base/CApplication.php(169): CWebApplication->processRequest()
#7 /var/www/android_backend/index.php(13): CWebApplication->run()
REQUEST_URI=/android_backend/post/show/?postid=4
in /var/www/android_backend/protected/controllers/PostController.php (28)
in /var/www/android_backend/index.php (13)
2016/03/16 17:55:08 [error] [php] Trying to get property of non-object (/var/www/android_backend/protected/controllers/PostController.php:28)
Stack trace:
#0 /var/www/hitwicket/yii-1.1.13/framework/web/actions/CInlineAction.php(47): CInlineAction->runWithParamsInternal()
#1 /var/www/hitwicket/yii-1.1.13/framework/web/CController.php(308): CInlineAction->runWithParams()
#2 /var/www/hitwicket/yii-1.1.13/framework/web/CController.php(286): PostController->runAction()
#3 /var/www/hitwicket/yii-1.1.13/framework/web/CController.php(265): PostController->runActionWithFilters()
#4 /var/www/hitwicket/yii-1.1.13/framework/web/CWebApplication.php(282): PostController->run()
#5 /var/www/hitwicket/yii-1.1.13/framework/web/CWebApplication.php(141): CWebApplication->runController()
#6 /var/www/hitwicket/yii-1.1.13/framework/base/CApplication.php(169): CWebApplication->processRequest()
#7 /var/www/android_backend/index.php(13): CWebApplication->run()
REQUEST_URI=/android_backend/post/show/?postid=4
in /var/www/android_backend/protected/controllers/PostController.php (28)
in /var/www/android_backend/index.php (13)
2016/03/16 17:55:11 [error] [php] Trying to get property of non-object (/var/www/android_backend/protected/controllers/PostController.php:28)
Stack trace:
#0 /var/www/hitwicket/yii-1.1.13/framework/web/actions/CInlineAction.php(47): CInlineAction->runWithParamsInternal()
#1 /var/www/hitwicket/yii-1.1.13/framework/web/CController.php(308): CInlineAction->runWithParams()
#2 /var/www/hitwicket/yii-1.1.13/framework/web/CController.php(286): PostController->runAction()
#3 /var/www/hitwicket/yii-1.1.13/framework/web/CController.php(265): PostController->runActionWithFilters()
#4 /var/www/hitwicket/yii-1.1.13/framework/web/CWebApplication.php(282): PostController->run()
#5 /var/www/hitwicket/yii-1.1.13/framework/web/CWebApplication.php(141): CWebApplication->runController()
#6 /var/www/hitwicket/yii-1.1.13/framework/base/CApplication.php(169): CWebApplication->processRequest()
#7 /var/www/android_backend/index.php(13): CWebApplication->run()
REQUEST_URI=/android_backend/post/show/?postid=3
in /var/www/android_backend/protected/controllers/PostController.php (28)
in /var/www/android_backend/index.php (13)
2016/03/16 17:55:13 [error] [php] Trying to get property of non-object (/var/www/android_backend/protected/controllers/PostController.php:28)
Stack trace:
#0 /var/www/hitwicket/yii-1.1.13/framework/web/actions/CInlineAction.php(47): CInlineAction->runWithParamsInternal()
#1 /var/www/hitwicket/yii-1.1.13/framework/web/CController.php(308): CInlineAction->runWithParams()
#2 /var/www/hitwicket/yii-1.1.13/framework/web/CController.php(286): PostController->runAction()
#3 /var/www/hitwicket/yii-1.1.13/framework/web/CController.php(265): PostController->runActionWithFilters()
#4 /var/www/hitwicket/yii-1.1.13/framework/web/CWebApplication.php(282): PostController->run()
#5 /var/www/hitwicket/yii-1.1.13/framework/web/CWebApplication.php(141): CWebApplication->runController()
#6 /var/www/hitwicket/yii-1.1.13/framework/base/CApplication.php(169): CWebApplication->processRequest()
#7 /var/www/android_backend/index.php(13): CWebApplication->run()
REQUEST_URI=/android_backend/post/show/?postid=1
in /var/www/android_backend/protected/controllers/PostController.php (28)
in /var/www/android_backend/index.php (13)
2016/03/16 17:55:15 [error] [php] Trying to get property of non-object (/var/www/android_backend/protected/controllers/PostController.php:28)
Stack trace:
#0 /var/www/hitwicket/yii-1.1.13/framework/web/actions/CInlineAction.php(47): CInlineAction->runWithParamsInternal()
#1 /var/www/hitwicket/yii-1.1.13/framework/web/CController.php(308): CInlineAction->runWithParams()
#2 /var/www/hitwicket/yii-1.1.13/framework/web/CController.php(286): PostController->runAction()
#3 /var/www/hitwicket/yii-1.1.13/framework/web/CController.php(265): PostController->runActionWithFilters()
#4 /var/www/hitwicket/yii-1.1.13/framework/web/CWebApplication.php(282): PostController->run()
#5 /var/www/hitwicket/yii-1.1.13/framework/web/CWebApplication.php(141): CWebApplication->runController()
#6 /var/www/hitwicket/yii-1.1.13/framework/base/CApplication.php(169): CWebApplication->processRequest()
#7 /var/www/android_backend/index.php(13): CWebApplication->run()
REQUEST_URI=/android_backend/post/show/?postid=2
in /var/www/android_backend/protected/controllers/PostController.php (28)
in /var/www/android_backend/index.php (13)
2016/03/16 17:57:49 [error] [php] Trying to get property of non-object (/var/www/android_backend/protected/controllers/PostController.php:28)
Stack trace:
#0 /var/www/hitwicket/yii-1.1.13/framework/web/actions/CInlineAction.php(47): CInlineAction->runWithParamsInternal()
#1 /var/www/hitwicket/yii-1.1.13/framework/web/CController.php(308): CInlineAction->runWithParams()
#2 /var/www/hitwicket/yii-1.1.13/framework/web/CController.php(286): PostController->runAction()
#3 /var/www/hitwicket/yii-1.1.13/framework/web/CController.php(265): PostController->runActionWithFilters()
#4 /var/www/hitwicket/yii-1.1.13/framework/web/CWebApplication.php(282): PostController->run()
#5 /var/www/hitwicket/yii-1.1.13/framework/web/CWebApplication.php(141): CWebApplication->runController()
#6 /var/www/hitwicket/yii-1.1.13/framework/base/CApplication.php(169): CWebApplication->processRequest()
#7 /var/www/android_backend/index.php(13): CWebApplication->run()
REQUEST_URI=/android_backend/post/show/?postid=2
in /var/www/android_backend/protected/controllers/PostController.php (28)
in /var/www/android_backend/index.php (13)
2016/03/16 18:00:23 [error] [php] Trying to get property of non-object (/var/www/android_backend/protected/controllers/PostController.php:28)
Stack trace:
#0 /var/www/hitwicket/yii-1.1.13/framework/web/actions/CInlineAction.php(47): CInlineAction->runWithParamsInternal()
#1 /var/www/hitwicket/yii-1.1.13/framework/web/CController.php(308): CInlineAction->runWithParams()
#2 /var/www/hitwicket/yii-1.1.13/framework/web/CController.php(286): PostController->runAction()
#3 /var/www/hitwicket/yii-1.1.13/framework/web/CController.php(265): PostController->runActionWithFilters()
#4 /var/www/hitwicket/yii-1.1.13/framework/web/CWebApplication.php(282): PostController->run()
#5 /var/www/hitwicket/yii-1.1.13/framework/web/CWebApplication.php(141): CWebApplication->runController()
#6 /var/www/hitwicket/yii-1.1.13/framework/base/CApplication.php(169): CWebApplication->processRequest()
#7 /var/www/android_backend/index.php(13): CWebApplication->run()
REQUEST_URI=/android_backend/post/show?postid=4
in /var/www/android_backend/protected/controllers/PostController.php (28)
in /var/www/android_backend/index.php (13)
2016/03/16 18:00:29 [error] [php] Trying to get property of non-object (/var/www/android_backend/protected/controllers/PostController.php:28)
Stack trace:
#0 /var/www/hitwicket/yii-1.1.13/framework/web/actions/CInlineAction.php(47): CInlineAction->runWithParamsInternal()
#1 /var/www/hitwicket/yii-1.1.13/framework/web/CController.php(308): CInlineAction->runWithParams()
#2 /var/www/hitwicket/yii-1.1.13/framework/web/CController.php(286): PostController->runAction()
#3 /var/www/hitwicket/yii-1.1.13/framework/web/CController.php(265): PostController->runActionWithFilters()
#4 /var/www/hitwicket/yii-1.1.13/framework/web/CWebApplication.php(282): PostController->run()
#5 /var/www/hitwicket/yii-1.1.13/framework/web/CWebApplication.php(141): CWebApplication->runController()
#6 /var/www/hitwicket/yii-1.1.13/framework/base/CApplication.php(169): CWebApplication->processRequest()
#7 /var/www/android_backend/index.php(13): CWebApplication->run()
REQUEST_URI=/android_backend/post/show?postid=3
in /var/www/android_backend/protected/controllers/PostController.php (28)
in /var/www/android_backend/index.php (13)
2016/03/16 18:01:56 [error] [php] Trying to get property of non-object (/var/www/android_backend/protected/controllers/PostController.php:28)
Stack trace:
#0 /var/www/hitwicket/yii-1.1.13/framework/web/actions/CInlineAction.php(47): CInlineAction->runWithParamsInternal()
#1 /var/www/hitwicket/yii-1.1.13/framework/web/CController.php(308): CInlineAction->runWithParams()
#2 /var/www/hitwicket/yii-1.1.13/framework/web/CController.php(286): PostController->runAction()
#3 /var/www/hitwicket/yii-1.1.13/framework/web/CController.php(265): PostController->runActionWithFilters()
#4 /var/www/hitwicket/yii-1.1.13/framework/web/CWebApplication.php(282): PostController->run()
#5 /var/www/hitwicket/yii-1.1.13/framework/web/CWebApplication.php(141): CWebApplication->runController()
#6 /var/www/hitwicket/yii-1.1.13/framework/base/CApplication.php(169): CWebApplication->processRequest()
#7 /var/www/android_backend/index.php(13): CWebApplication->run()
REQUEST_URI=/android_backend/post/show?postid=1
in /var/www/android_backend/protected/controllers/PostController.php (28)
in /var/www/android_backend/index.php (13)
2016/03/16 18:02:33 [error] [php] Trying to get property of non-object (/var/www/android_backend/protected/controllers/PostController.php:28)
Stack trace:
#0 /var/www/hitwicket/yii-1.1.13/framework/web/actions/CInlineAction.php(47): CInlineAction->runWithParamsInternal()
#1 /var/www/hitwicket/yii-1.1.13/framework/web/CController.php(308): CInlineAction->runWithParams()
#2 /var/www/hitwicket/yii-1.1.13/framework/web/CController.php(286): PostController->runAction()
#3 /var/www/hitwicket/yii-1.1.13/framework/web/CController.php(265): PostController->runActionWithFilters()
#4 /var/www/hitwicket/yii-1.1.13/framework/web/CWebApplication.php(282): PostController->run()
#5 /var/www/hitwicket/yii-1.1.13/framework/web/CWebApplication.php(141): CWebApplication->runController()
#6 /var/www/hitwicket/yii-1.1.13/framework/base/CApplication.php(169): CWebApplication->processRequest()
#7 /var/www/android_backend/index.php(13): CWebApplication->run()
REQUEST_URI=/android_backend/post/show?postid=1
in /var/www/android_backend/protected/controllers/PostController.php (28)
in /var/www/android_backend/index.php (13)
2016/03/16 18:02:39 [error] [php] Trying to get property of non-object (/var/www/android_backend/protected/controllers/PostController.php:28)
Stack trace:
#0 /var/www/hitwicket/yii-1.1.13/framework/web/actions/CInlineAction.php(47): CInlineAction->runWithParamsInternal()
#1 /var/www/hitwicket/yii-1.1.13/framework/web/CController.php(308): CInlineAction->runWithParams()
#2 /var/www/hitwicket/yii-1.1.13/framework/web/CController.php(286): PostController->runAction()
#3 /var/www/hitwicket/yii-1.1.13/framework/web/CController.php(265): PostController->runActionWithFilters()
#4 /var/www/hitwicket/yii-1.1.13/framework/web/CWebApplication.php(282): PostController->run()
#5 /var/www/hitwicket/yii-1.1.13/framework/web/CWebApplication.php(141): CWebApplication->runController()
#6 /var/www/hitwicket/yii-1.1.13/framework/base/CApplication.php(169): CWebApplication->processRequest()
#7 /var/www/android_backend/index.php(13): CWebApplication->run()
REQUEST_URI=/android_backend/post/show?postid=2
in /var/www/android_backend/protected/controllers/PostController.php (28)
in /var/www/android_backend/index.php (13)
2016/03/16 18:03:13 [error] [php] Trying to get property of non-object (/var/www/android_backend/protected/controllers/PostController.php:28)
Stack trace:
#0 /var/www/hitwicket/yii-1.1.13/framework/web/actions/CInlineAction.php(47): CInlineAction->runWithParamsInternal()
#1 /var/www/hitwicket/yii-1.1.13/framework/web/CController.php(308): CInlineAction->runWithParams()
#2 /var/www/hitwicket/yii-1.1.13/framework/web/CController.php(286): PostController->runAction()
#3 /var/www/hitwicket/yii-1.1.13/framework/web/CController.php(265): PostController->runActionWithFilters()
#4 /var/www/hitwicket/yii-1.1.13/framework/web/CWebApplication.php(282): PostController->run()
#5 /var/www/hitwicket/yii-1.1.13/framework/web/CWebApplication.php(141): CWebApplication->runController()
#6 /var/www/hitwicket/yii-1.1.13/framework/base/CApplication.php(169): CWebApplication->processRequest()
#7 /var/www/android_backend/index.php(13): CWebApplication->run()
REQUEST_URI=/android_backend/post/show?postid=1
in /var/www/android_backend/protected/controllers/PostController.php (28)
in /var/www/android_backend/index.php (13)
2016/03/16 18:04:08 [error] [php] Trying to get property of non-object (/var/www/android_backend/protected/controllers/PostController.php:28)
Stack trace:
#0 /var/www/hitwicket/yii-1.1.13/framework/web/actions/CInlineAction.php(47): CInlineAction->runWithParamsInternal()
#1 /var/www/hitwicket/yii-1.1.13/framework/web/CController.php(308): CInlineAction->runWithParams()
#2 /var/www/hitwicket/yii-1.1.13/framework/web/CController.php(286): PostController->runAction()
#3 /var/www/hitwicket/yii-1.1.13/framework/web/CController.php(265): PostController->runActionWithFilters()
#4 /var/www/hitwicket/yii-1.1.13/framework/web/CWebApplication.php(282): PostController->run()
#5 /var/www/hitwicket/yii-1.1.13/framework/web/CWebApplication.php(141): CWebApplication->runController()
#6 /var/www/hitwicket/yii-1.1.13/framework/base/CApplication.php(169): CWebApplication->processRequest()
#7 /var/www/android_backend/index.php(13): CWebApplication->run()
REQUEST_URI=/android_backend/post/show?postid=1
in /var/www/android_backend/protected/controllers/PostController.php (28)
in /var/www/android_backend/index.php (13)
2016/03/16 18:04:14 [error] [php] Trying to get property of non-object (/var/www/android_backend/protected/controllers/PostController.php:28)
Stack trace:
#0 /var/www/hitwicket/yii-1.1.13/framework/web/actions/CInlineAction.php(47): CInlineAction->runWithParamsInternal()
#1 /var/www/hitwicket/yii-1.1.13/framework/web/CController.php(308): CInlineAction->runWithParams()
#2 /var/www/hitwicket/yii-1.1.13/framework/web/CController.php(286): PostController->runAction()
#3 /var/www/hitwicket/yii-1.1.13/framework/web/CController.php(265): PostController->runActionWithFilters()
#4 /var/www/hitwicket/yii-1.1.13/framework/web/CWebApplication.php(282): PostController->run()
#5 /var/www/hitwicket/yii-1.1.13/framework/web/CWebApplication.php(141): CWebApplication->runController()
#6 /var/www/hitwicket/yii-1.1.13/framework/base/CApplication.php(169): CWebApplication->processRequest()
#7 /var/www/android_backend/index.php(13): CWebApplication->run()
REQUEST_URI=/android_backend/post/show?postid=1
in /var/www/android_backend/protected/controllers/PostController.php (28)
in /var/www/android_backend/index.php (13)
2016/03/16 18:08:16 [error] [php] Trying to get property of non-object (/var/www/android_backend/protected/controllers/PostController.php:28)
Stack trace:
#0 /var/www/hitwicket/yii-1.1.13/framework/web/actions/CInlineAction.php(47): CInlineAction->runWithParamsInternal()
#1 /var/www/hitwicket/yii-1.1.13/framework/web/CController.php(308): CInlineAction->runWithParams()
#2 /var/www/hitwicket/yii-1.1.13/framework/web/CController.php(286): PostController->runAction()
#3 /var/www/hitwicket/yii-1.1.13/framework/web/CController.php(265): PostController->runActionWithFilters()
#4 /var/www/hitwicket/yii-1.1.13/framework/web/CWebApplication.php(282): PostController->run()
#5 /var/www/hitwicket/yii-1.1.13/framework/web/CWebApplication.php(141): CWebApplication->runController()
#6 /var/www/hitwicket/yii-1.1.13/framework/base/CApplication.php(169): CWebApplication->processRequest()
#7 /var/www/android_backend/index.php(13): CWebApplication->run()
REQUEST_URI=/android_backend/post/show?postid=1
in /var/www/android_backend/protected/controllers/PostController.php (28)
in /var/www/android_backend/index.php (13)
2016/03/16 18:08:26 [error] [php] Trying to get property of non-object (/var/www/android_backend/protected/controllers/PostController.php:28)
Stack trace:
#0 /var/www/hitwicket/yii-1.1.13/framework/web/actions/CInlineAction.php(47): CInlineAction->runWithParamsInternal()
#1 /var/www/hitwicket/yii-1.1.13/framework/web/CController.php(308): CInlineAction->runWithParams()
#2 /var/www/hitwicket/yii-1.1.13/framework/web/CController.php(286): PostController->runAction()
#3 /var/www/hitwicket/yii-1.1.13/framework/web/CController.php(265): PostController->runActionWithFilters()
#4 /var/www/hitwicket/yii-1.1.13/framework/web/CWebApplication.php(282): PostController->run()
#5 /var/www/hitwicket/yii-1.1.13/framework/web/CWebApplication.php(141): CWebApplication->runController()
#6 /var/www/hitwicket/yii-1.1.13/framework/base/CApplication.php(169): CWebApplication->processRequest()
#7 /var/www/android_backend/index.php(13): CWebApplication->run()
REQUEST_URI=/android_backend/post/show?postid=1
in /var/www/android_backend/protected/controllers/PostController.php (28)
in /var/www/android_backend/index.php (13)
2016/03/16 18:23:07 [error] [exception.CHttpException.404] exception 'CHttpException' with message 'The system is unable to find the requested action "index".' in /var/www/hitwicket/yii-1.1.13/framework/web/CController.php:483
Stack trace:
#0 /var/www/hitwicket/yii-1.1.13/framework/web/CController.php(270): CController->missingAction('index')
#1 /var/www/hitwicket/yii-1.1.13/framework/web/CWebApplication.php(282): CController->run('index')
#2 /var/www/hitwicket/yii-1.1.13/framework/web/CWebApplication.php(141): CWebApplication->runController('comment/index')
#3 /var/www/hitwicket/yii-1.1.13/framework/base/CApplication.php(169): CWebApplication->processRequest()
#4 /var/www/android_backend/index.php(13): CApplication->run()
#5 {main}
REQUEST_URI=/android_backend/comment/index?post_id=1
---
2016/03/16 18:25:46 [error] [exception.CHttpException.404] exception 'CHttpException' with message 'The system is unable to find the requested action "index".' in /var/www/hitwicket/yii-1.1.13/framework/web/CController.php:483
Stack trace:
#0 /var/www/hitwicket/yii-1.1.13/framework/web/CController.php(270): CController->missingAction('index')
#1 /var/www/hitwicket/yii-1.1.13/framework/web/CWebApplication.php(282): CController->run('index')
#2 /var/www/hitwicket/yii-1.1.13/framework/web/CWebApplication.php(141): CWebApplication->runController('comment/index')
#3 /var/www/hitwicket/yii-1.1.13/framework/base/CApplication.php(169): CWebApplication->processRequest()
#4 /var/www/android_backend/index.php(13): CApplication->run()
#5 {main}
REQUEST_URI=/android_backend/comment/index?post_id=1
---
2016/03/16 18:28:40 [error] [exception.CHttpException.404] exception 'CHttpException' with message 'The system is unable to find the requested action "index".' in /var/www/hitwicket/yii-1.1.13/framework/web/CController.php:483
Stack trace:
#0 /var/www/hitwicket/yii-1.1.13/framework/web/CController.php(270): CController->missingAction('index')
#1 /var/www/hitwicket/yii-1.1.13/framework/web/CWebApplication.php(282): CController->run('index')
#2 /var/www/hitwicket/yii-1.1.13/framework/web/CWebApplication.php(141): CWebApplication->runController('comment/index')
#3 /var/www/hitwicket/yii-1.1.13/framework/base/CApplication.php(169): CWebApplication->processRequest()
#4 /var/www/android_backend/index.php(13): CApplication->run()
#5 {main}
REQUEST_URI=/android_backend/comment/index?post_id=1
---
2016/03/16 18:28:46 [error] [exception.CHttpException.404] exception 'CHttpException' with message 'The system is unable to find the requested action "index".' in /var/www/hitwicket/yii-1.1.13/framework/web/CController.php:483
Stack trace:
#0 /var/www/hitwicket/yii-1.1.13/framework/web/CController.php(270): CController->missingAction('index')
#1 /var/www/hitwicket/yii-1.1.13/framework/web/CWebApplication.php(282): CController->run('index')
#2 /var/www/hitwicket/yii-1.1.13/framework/web/CWebApplication.php(141): CWebApplication->runController('comment/index')
#3 /var/www/hitwicket/yii-1.1.13/framework/base/CApplication.php(169): CWebApplication->processRequest()
#4 /var/www/android_backend/index.php(13): CApplication->run()
#5 {main}
REQUEST_URI=/android_backend/comment/index?post_id=1
---
2016/03/16 18:28:47 [error] [exception.CHttpException.404] exception 'CHttpException' with message 'The system is unable to find the requested action "index".' in /var/www/hitwicket/yii-1.1.13/framework/web/CController.php:483
Stack trace:
#0 /var/www/hitwicket/yii-1.1.13/framework/web/CController.php(270): CController->missingAction('index')
#1 /var/www/hitwicket/yii-1.1.13/framework/web/CWebApplication.php(282): CController->run('index')
#2 /var/www/hitwicket/yii-1.1.13/framework/web/CWebApplication.php(141): CWebApplication->runController('comment/index')
#3 /var/www/hitwicket/yii-1.1.13/framework/base/CApplication.php(169): CWebApplication->processRequest()
#4 /var/www/android_backend/index.php(13): CApplication->run()
#5 {main}
REQUEST_URI=/android_backend/comment/index?post_id=2
---
2016/03/16 18:32:24 [error] [exception.CHttpException.404] exception 'CHttpException' with message 'The system is unable to find the requested action "index".' in /var/www/hitwicket/yii-1.1.13/framework/web/CController.php:483
Stack trace:
#0 /var/www/hitwicket/yii-1.1.13/framework/web/CController.php(270): CController->missingAction('index')
#1 /var/www/hitwicket/yii-1.1.13/framework/web/CWebApplication.php(282): CController->run('index')
#2 /var/www/hitwicket/yii-1.1.13/framework/web/CWebApplication.php(141): CWebApplication->runController('comment/index')
#3 /var/www/hitwicket/yii-1.1.13/framework/base/CApplication.php(169): CWebApplication->processRequest()
#4 /var/www/android_backend/index.php(13): CApplication->run()
#5 {main}
REQUEST_URI=/android_backend/comment/index?post_id=1
---
2016/03/16 18:32:29 [error] [exception.CHttpException.404] exception 'CHttpException' with message 'The system is unable to find the requested action "index".' in /var/www/hitwicket/yii-1.1.13/framework/web/CController.php:483
Stack trace:
#0 /var/www/hitwicket/yii-1.1.13/framework/web/CController.php(270): CController->missingAction('index')
#1 /var/www/hitwicket/yii-1.1.13/framework/web/CWebApplication.php(282): CController->run('index')
#2 /var/www/hitwicket/yii-1.1.13/framework/web/CWebApplication.php(141): CWebApplication->runController('comment/index')
#3 /var/www/hitwicket/yii-1.1.13/framework/base/CApplication.php(169): CWebApplication->processRequest()
#4 /var/www/android_backend/index.php(13): CApplication->run()
#5 {main}
REQUEST_URI=/android_backend/comment/index?post_id=1
---
2016/03/16 18:32:35 [error] [exception.CHttpException.404] exception 'CHttpException' with message 'The system is unable to find the requested action "index".' in /var/www/hitwicket/yii-1.1.13/framework/web/CController.php:483
Stack trace:
#0 /var/www/hitwicket/yii-1.1.13/framework/web/CController.php(270): CController->missingAction('index')
#1 /var/www/hitwicket/yii-1.1.13/framework/web/CWebApplication.php(282): CController->run('index')
#2 /var/www/hitwicket/yii-1.1.13/framework/web/CWebApplication.php(141): CWebApplication->runController('comment/index')
#3 /var/www/hitwicket/yii-1.1.13/framework/base/CApplication.php(169): CWebApplication->processRequest()
#4 /var/www/android_backend/index.php(13): CApplication->run()
#5 {main}
REQUEST_URI=/android_backend/comment/index?post_id=1
---
2016/03/16 18:32:45 [error] [exception.CHttpException.404] exception 'CHttpException' with message 'The system is unable to find the requested action "index".' in /var/www/hitwicket/yii-1.1.13/framework/web/CController.php:483
Stack trace:
#0 /var/www/hitwicket/yii-1.1.13/framework/web/CController.php(270): CController->missingAction('index')
#1 /var/www/hitwicket/yii-1.1.13/framework/web/CWebApplication.php(282): CController->run('index')
#2 /var/www/hitwicket/yii-1.1.13/framework/web/CWebApplication.php(141): CWebApplication->runController('comment/index')
#3 /var/www/hitwicket/yii-1.1.13/framework/base/CApplication.php(169): CWebApplication->processRequest()
#4 /var/www/android_backend/index.php(13): CApplication->run()
#5 {main}
REQUEST_URI=/android_backend/comment/index?post_id=1
---
2016/03/16 18:34:51 [error] [exception.CHttpException.404] exception 'CHttpException' with message 'The system is unable to find the requested action "index".' in /var/www/hitwicket/yii-1.1.13/framework/web/CController.php:483
Stack trace:
#0 /var/www/hitwicket/yii-1.1.13/framework/web/CController.php(270): CController->missingAction('index')
#1 /var/www/hitwicket/yii-1.1.13/framework/web/CWebApplication.php(282): CController->run('index')
#2 /var/www/hitwicket/yii-1.1.13/framework/web/CWebApplication.php(141): CWebApplication->runController('comment/index')
#3 /var/www/hitwicket/yii-1.1.13/framework/base/CApplication.php(169): CWebApplication->processRequest()
#4 /var/www/android_backend/index.php(13): CApplication->run()
#5 {main}
REQUEST_URI=/android_backend/comment/index?post_id=1
---
2016/03/16 18:34:59 [error] [exception.CHttpException.404] exception 'CHttpException' with message 'The system is unable to find the requested action "index".' in /var/www/hitwicket/yii-1.1.13/framework/web/CController.php:483
Stack trace:
#0 /var/www/hitwicket/yii-1.1.13/framework/web/CController.php(270): CController->missingAction('index')
#1 /var/www/hitwicket/yii-1.1.13/framework/web/CWebApplication.php(282): CController->run('index')
#2 /var/www/hitwicket/yii-1.1.13/framework/web/CWebApplication.php(141): CWebApplication->runController('comment/index')
#3 /var/www/hitwicket/yii-1.1.13/framework/base/CApplication.php(169): CWebApplication->processRequest()
#4 /var/www/android_backend/index.php(13): CApplication->run()
#5 {main}
REQUEST_URI=/android_backend/comment/index?post_id=1
---
2016/03/16 18:35:06 [error] [exception.CHttpException.404] exception 'CHttpException' with message 'The system is unable to find the requested action "index".' in /var/www/hitwicket/yii-1.1.13/framework/web/CController.php:483
Stack trace:
#0 /var/www/hitwicket/yii-1.1.13/framework/web/CController.php(270): CController->missingAction('index')
#1 /var/www/hitwicket/yii-1.1.13/framework/web/CWebApplication.php(282): CController->run('index')
#2 /var/www/hitwicket/yii-1.1.13/framework/web/CWebApplication.php(141): CWebApplication->runController('comment/index')
#3 /var/www/hitwicket/yii-1.1.13/framework/base/CApplication.php(169): CWebApplication->processRequest()
#4 /var/www/android_backend/index.php(13): CApplication->run()
#5 {main}
REQUEST_URI=/android_backend/comment/index?post_id=1
---
2016/03/16 18:35:25 [error] [exception.CHttpException.400] exception 'CHttpException' with message 'Your request is invalid.' in /var/www/hitwicket/yii-1.1.13/framework/web/CController.php:336
Stack trace:
#0 /var/www/hitwicket/yii-1.1.13/framework/web/CController.php(309): CController->invalidActionParams(Object(CInlineAction))
#1 /var/www/hitwicket/yii-1.1.13/framework/web/CController.php(286): CController->runAction(Object(CInlineAction))
#2 /var/www/hitwicket/yii-1.1.13/framework/web/CController.php(265): CController->runActionWithFilters(Object(CInlineAction), Array)
#3 /var/www/hitwicket/yii-1.1.13/framework/web/CWebApplication.php(282): CController->run('index')
#4 /var/www/hitwicket/yii-1.1.13/framework/web/CWebApplication.php(141): CWebApplication->runController('comment/index')
#5 /var/www/hitwicket/yii-1.1.13/framework/base/CApplication.php(169): CWebApplication->processRequest()
#6 /var/www/android_backend/index.php(13): CApplication->run()
#7 {main}
REQUEST_URI=/android_backend/comment/index?post_id=1
---
2016/03/16 18:35:28 [error] [exception.CHttpException.400] exception 'CHttpException' with message 'Your request is invalid.' in /var/www/hitwicket/yii-1.1.13/framework/web/CController.php:336
Stack trace:
#0 /var/www/hitwicket/yii-1.1.13/framework/web/CController.php(309): CController->invalidActionParams(Object(CInlineAction))
#1 /var/www/hitwicket/yii-1.1.13/framework/web/CController.php(286): CController->runAction(Object(CInlineAction))
#2 /var/www/hitwicket/yii-1.1.13/framework/web/CController.php(265): CController->runActionWithFilters(Object(CInlineAction), Array)
#3 /var/www/hitwicket/yii-1.1.13/framework/web/CWebApplication.php(282): CController->run('index')
#4 /var/www/hitwicket/yii-1.1.13/framework/web/CWebApplication.php(141): CWebApplication->runController('comment/index')
#5 /var/www/hitwicket/yii-1.1.13/framework/base/CApplication.php(169): CWebApplication->processRequest()
#6 /var/www/android_backend/index.php(13): CApplication->run()
#7 {main}
REQUEST_URI=/android_backend/comment/index?post_id=1
---
2016/03/16 18:35:30 [error] [exception.CHttpException.400] exception 'CHttpException' with message 'Your request is invalid.' in /var/www/hitwicket/yii-1.1.13/framework/web/CController.php:336
Stack trace:
#0 /var/www/hitwicket/yii-1.1.13/framework/web/CController.php(309): CController->invalidActionParams(Object(CInlineAction))
#1 /var/www/hitwicket/yii-1.1.13/framework/web/CController.php(286): CController->runAction(Object(CInlineAction))
#2 /var/www/hitwicket/yii-1.1.13/framework/web/CController.php(265): CController->runActionWithFilters(Object(CInlineAction), Array)
#3 /var/www/hitwicket/yii-1.1.13/framework/web/CWebApplication.php(282): CController->run('index')
#4 /var/www/hitwicket/yii-1.1.13/framework/web/CWebApplication.php(141): CWebApplication->runController('comment/index')
#5 /var/www/hitwicket/yii-1.1.13/framework/base/CApplication.php(169): CWebApplication->processRequest()
#6 /var/www/android_backend/index.php(13): CApplication->run()
#7 {main}
REQUEST_URI=/android_backend/comment/index?post_id=1
---
2016/03/16 18:35:33 [error] [exception.CHttpException.400] exception 'CHttpException' with message 'Your request is invalid.' in /var/www/hitwicket/yii-1.1.13/framework/web/CController.php:336
Stack trace:
#0 /var/www/hitwicket/yii-1.1.13/framework/web/CController.php(309): CController->invalidActionParams(Object(CInlineAction))
#1 /var/www/hitwicket/yii-1.1.13/framework/web/CController.php(286): CController->runAction(Object(CInlineAction))
#2 /var/www/hitwicket/yii-1.1.13/framework/web/CController.php(265): CController->runActionWithFilters(Object(CInlineAction), Array)
#3 /var/www/hitwicket/yii-1.1.13/framework/web/CWebApplication.php(282): CController->run('index')
#4 /var/www/hitwicket/yii-1.1.13/framework/web/CWebApplication.php(141): CWebApplication->runController('comment/index')
#5 /var/www/hitwicket/yii-1.1.13/framework/base/CApplication.php(169): CWebApplication->processRequest()
#6 /var/www/android_backend/index.php(13): CApplication->run()
#7 {main}
REQUEST_URI=/android_backend/comment/index?post_id=1
---
2016/03/16 18:35:52 [error] [exception.CHttpException.400] exception 'CHttpException' with message 'Your request is invalid.' in /var/www/hitwicket/yii-1.1.13/framework/web/CController.php:336
Stack trace:
#0 /var/www/hitwicket/yii-1.1.13/framework/web/CController.php(309): CController->invalidActionParams(Object(CInlineAction))
#1 /var/www/hitwicket/yii-1.1.13/framework/web/CController.php(286): CController->runAction(Object(CInlineAction))
#2 /var/www/hitwicket/yii-1.1.13/framework/web/CController.php(265): CController->runActionWithFilters(Object(CInlineAction), Array)
#3 /var/www/hitwicket/yii-1.1.13/framework/web/CWebApplication.php(282): CController->run('index')
#4 /var/www/hitwicket/yii-1.1.13/framework/web/CWebApplication.php(141): CWebApplication->runController('comment/index')
#5 /var/www/hitwicket/yii-1.1.13/framework/base/CApplication.php(169): CWebApplication->processRequest()
#6 /var/www/android_backend/index.php(13): CApplication->run()
#7 {main}
REQUEST_URI=/android_backend/comment/index?post_id=1
---
2016/03/17 18:51:41 [error] [php] Trying to get property of non-object (/var/www/android_backend/protected/controllers/PostController.php:26)
Stack trace:
#0 /var/www/hitwicket/yii-1.1.13/framework/web/actions/CInlineAction.php(47): CInlineAction->runWithParamsInternal()
#1 /var/www/hitwicket/yii-1.1.13/framework/web/CController.php(308): CInlineAction->runWithParams()
#2 /var/www/hitwicket/yii-1.1.13/framework/web/CController.php(286): PostController->runAction()
#3 /var/www/hitwicket/yii-1.1.13/framework/web/CController.php(265): PostController->runActionWithFilters()
#4 /var/www/hitwicket/yii-1.1.13/framework/web/CWebApplication.php(282): PostController->run()
#5 /var/www/hitwicket/yii-1.1.13/framework/web/CWebApplication.php(141): CWebApplication->runController()
#6 /var/www/hitwicket/yii-1.1.13/framework/base/CApplication.php(169): CWebApplication->processRequest()
#7 /var/www/android_backend/index.php(13): CWebApplication->run()
REQUEST_URI=/android_backend/post/show?postid=0
in /var/www/android_backend/protected/controllers/PostController.php (26)
in /var/www/android_backend/index.php (13)
2016/03/18 16:22:11 [error] [php] Trying to get property of non-object (/var/www/android_backend/protected/controllers/PostController.php:26)
Stack trace:
#0 /var/www/hitwicket/yii-1.1.13/framework/web/actions/CInlineAction.php(47): CInlineAction->runWithParamsInternal()
#1 /var/www/hitwicket/yii-1.1.13/framework/web/CController.php(308): CInlineAction->runWithParams()
#2 /var/www/hitwicket/yii-1.1.13/framework/web/CController.php(286): PostController->runAction()
#3 /var/www/hitwicket/yii-1.1.13/framework/web/CController.php(265): PostController->runActionWithFilters()
#4 /var/www/hitwicket/yii-1.1.13/framework/web/CWebApplication.php(282): PostController->run()
#5 /var/www/hitwicket/yii-1.1.13/framework/web/CWebApplication.php(141): CWebApplication->runController()
#6 /var/www/hitwicket/yii-1.1.13/framework/base/CApplication.php(169): CWebApplication->processRequest()
#7 /var/www/android_backend/index.php(13): CWebApplication->run()
REQUEST_URI=/android_backend/post/show?postid=0
in /var/www/android_backend/protected/controllers/PostController.php (26)
in /var/www/android_backend/index.php (13)
2016/03/18 16:27:22 [error] [php] Trying to get property of non-object (/var/www/android_backend/protected/controllers/PostController.php:26)
Stack trace:
#0 /var/www/hitwicket/yii-1.1.13/framework/web/actions/CInlineAction.php(47): CInlineAction->runWithParamsInternal()
#1 /var/www/hitwicket/yii-1.1.13/framework/web/CController.php(308): CInlineAction->runWithParams()
#2 /var/www/hitwicket/yii-1.1.13/framework/web/CController.php(286): PostController->runAction()
#3 /var/www/hitwicket/yii-1.1.13/framework/web/CController.php(265): PostController->runActionWithFilters()
#4 /var/www/hitwicket/yii-1.1.13/framework/web/CWebApplication.php(282): PostController->run()
#5 /var/www/hitwicket/yii-1.1.13/framework/web/CWebApplication.php(141): CWebApplication->runController()
#6 /var/www/hitwicket/yii-1.1.13/framework/base/CApplication.php(169): CWebApplication->processRequest()
#7 /var/www/android_backend/index.php(13): CWebApplication->run()
REQUEST_URI=/android_backend/post/show?postid=0
in /var/www/android_backend/protected/controllers/PostController.php (26)
in /var/www/android_backend/index.php (13)
2016/03/18 16:27:59 [error] [php] Trying to get property of non-object (/var/www/android_backend/protected/controllers/PostController.php:26)
Stack trace:
#0 /var/www/hitwicket/yii-1.1.13/framework/web/actions/CInlineAction.php(47): CInlineAction->runWithParamsInternal()
#1 /var/www/hitwicket/yii-1.1.13/framework/web/CController.php(308): CInlineAction->runWithParams()
#2 /var/www/hitwicket/yii-1.1.13/framework/web/CController.php(286): PostController->runAction()
#3 /var/www/hitwicket/yii-1.1.13/framework/web/CController.php(265): PostController->runActionWithFilters()
#4 /var/www/hitwicket/yii-1.1.13/framework/web/CWebApplication.php(282): PostController->run()
#5 /var/www/hitwicket/yii-1.1.13/framework/web/CWebApplication.php(141): CWebApplication->runController()
#6 /var/www/hitwicket/yii-1.1.13/framework/base/CApplication.php(169): CWebApplication->processRequest()
#7 /var/www/android_backend/index.php(13): CWebApplication->run()
REQUEST_URI=/android_backend/post/show?postid=0
in /var/www/android_backend/protected/controllers/PostController.php (26)
in /var/www/android_backend/index.php (13)
2016/03/18 16:30:30 [error] [php] Trying to get property of non-object (/var/www/android_backend/protected/controllers/PostController.php:26)
Stack trace:
#0 /var/www/hitwicket/yii-1.1.13/framework/web/actions/CInlineAction.php(47): CInlineAction->runWithParamsInternal()
#1 /var/www/hitwicket/yii-1.1.13/framework/web/CController.php(308): CInlineAction->runWithParams()
#2 /var/www/hitwicket/yii-1.1.13/framework/web/CController.php(286): PostController->runAction()
#3 /var/www/hitwicket/yii-1.1.13/framework/web/CController.php(265): PostController->runActionWithFilters()
#4 /var/www/hitwicket/yii-1.1.13/framework/web/CWebApplication.php(282): PostController->run()
#5 /var/www/hitwicket/yii-1.1.13/framework/web/CWebApplication.php(141): CWebApplication->runController()
#6 /var/www/hitwicket/yii-1.1.13/framework/base/CApplication.php(169): CWebApplication->processRequest()
#7 /var/www/android_backend/index.php(13): CWebApplication->run()
REQUEST_URI=/android_backend/post/show?postid=0
in /var/www/android_backend/protected/controllers/PostController.php (26)
in /var/www/android_backend/index.php (13)
2016/03/18 16:30:37 [error] [php] Trying to get property of non-object (/var/www/android_backend/protected/controllers/PostController.php:26)
Stack trace:
#0 /var/www/hitwicket/yii-1.1.13/framework/web/actions/CInlineAction.php(47): CInlineAction->runWithParamsInternal()
#1 /var/www/hitwicket/yii-1.1.13/framework/web/CController.php(308): CInlineAction->runWithParams()
#2 /var/www/hitwicket/yii-1.1.13/framework/web/CController.php(286): PostController->runAction()
#3 /var/www/hitwicket/yii-1.1.13/framework/web/CController.php(265): PostController->runActionWithFilters()
#4 /var/www/hitwicket/yii-1.1.13/framework/web/CWebApplication.php(282): PostController->run()
#5 /var/www/hitwicket/yii-1.1.13/framework/web/CWebApplication.php(141): CWebApplication->runController()
#6 /var/www/hitwicket/yii-1.1.13/framework/base/CApplication.php(169): CWebApplication->processRequest()
#7 /var/www/android_backend/index.php(13): CWebApplication->run()
REQUEST_URI=/android_backend/post/show?postid=0
in /var/www/android_backend/protected/controllers/PostController.php (26)
in /var/www/android_backend/index.php (13)
2016/03/18 16:30:50 [error] [php] Trying to get property of non-object (/var/www/android_backend/protected/controllers/PostController.php:26)
Stack trace:
#0 /var/www/hitwicket/yii-1.1.13/framework/web/actions/CInlineAction.php(47): CInlineAction->runWithParamsInternal()
#1 /var/www/hitwicket/yii-1.1.13/framework/web/CController.php(308): CInlineAction->runWithParams()
#2 /var/www/hitwicket/yii-1.1.13/framework/web/CController.php(286): PostController->runAction()
#3 /var/www/hitwicket/yii-1.1.13/framework/web/CController.php(265): PostController->runActionWithFilters()
#4 /var/www/hitwicket/yii-1.1.13/framework/web/CWebApplication.php(282): PostController->run()
#5 /var/www/hitwicket/yii-1.1.13/framework/web/CWebApplication.php(141): CWebApplication->runController()
#6 /var/www/hitwicket/yii-1.1.13/framework/base/CApplication.php(169): CWebApplication->processRequest()
#7 /var/www/android_backend/index.php(13): CWebApplication->run()
REQUEST_URI=/android_backend/post/show?postid=0
in /var/www/android_backend/protected/controllers/PostController.php (26)
in /var/www/android_backend/index.php (13)
2016/03/18 16:31:12 [error] [php] Trying to get property of non-object (/var/www/android_backend/protected/controllers/PostController.php:26)
Stack trace:
#0 /var/www/hitwicket/yii-1.1.13/framework/web/actions/CInlineAction.php(47): CInlineAction->runWithParamsInternal()
#1 /var/www/hitwicket/yii-1.1.13/framework/web/CController.php(308): CInlineAction->runWithParams()
#2 /var/www/hitwicket/yii-1.1.13/framework/web/CController.php(286): PostController->runAction()
#3 /var/www/hitwicket/yii-1.1.13/framework/web/CController.php(265): PostController->runActionWithFilters()
#4 /var/www/hitwicket/yii-1.1.13/framework/web/CWebApplication.php(282): PostController->run()
#5 /var/www/hitwicket/yii-1.1.13/framework/web/CWebApplication.php(141): CWebApplication->runController()
#6 /var/www/hitwicket/yii-1.1.13/framework/base/CApplication.php(169): CWebApplication->processRequest()
#7 /var/www/android_backend/index.php(13): CWebApplication->run()
REQUEST_URI=/android_backend/post/show?postid=0
in /var/www/android_backend/protected/controllers/PostController.php (26)
in /var/www/android_backend/index.php (13)
2016/03/18 16:37:00 [error] [php] Trying to get property of non-object (/var/www/android_backend/protected/controllers/PostController.php:26)
Stack trace:
#0 /var/www/hitwicket/yii-1.1.13/framework/web/actions/CInlineAction.php(47): CInlineAction->runWithParamsInternal()
#1 /var/www/hitwicket/yii-1.1.13/framework/web/CController.php(308): CInlineAction->runWithParams()
#2 /var/www/hitwicket/yii-1.1.13/framework/web/CController.php(286): PostController->runAction()
#3 /var/www/hitwicket/yii-1.1.13/framework/web/CController.php(265): PostController->runActionWithFilters()
#4 /var/www/hitwicket/yii-1.1.13/framework/web/CWebApplication.php(282): PostController->run()
#5 /var/www/hitwicket/yii-1.1.13/framework/web/CWebApplication.php(141): CWebApplication->runController()
#6 /var/www/hitwicket/yii-1.1.13/framework/base/CApplication.php(169): CWebApplication->processRequest()
#7 /var/www/android_backend/index.php(13): CWebApplication->run()
REQUEST_URI=/android_backend/post/show?postid=0
in /var/www/android_backend/protected/controllers/PostController.php (26)
in /var/www/android_backend/index.php (13)
2016/03/18 16:37:14 [error] [php] Trying to get property of non-object (/var/www/android_backend/protected/controllers/PostController.php:26)
Stack trace:
#0 /var/www/hitwicket/yii-1.1.13/framework/web/actions/CInlineAction.php(47): CInlineAction->runWithParamsInternal()
#1 /var/www/hitwicket/yii-1.1.13/framework/web/CController.php(308): CInlineAction->runWithParams()
#2 /var/www/hitwicket/yii-1.1.13/framework/web/CController.php(286): PostController->runAction()
#3 /var/www/hitwicket/yii-1.1.13/framework/web/CController.php(265): PostController->runActionWithFilters()
#4 /var/www/hitwicket/yii-1.1.13/framework/web/CWebApplication.php(282): PostController->run()
#5 /var/www/hitwicket/yii-1.1.13/framework/web/CWebApplication.php(141): CWebApplication->runController()
#6 /var/www/hitwicket/yii-1.1.13/framework/base/CApplication.php(169): CWebApplication->processRequest()
#7 /var/www/android_backend/index.php(13): CWebApplication->run()
REQUEST_URI=/android_backend/post/show?postid=0
in /var/www/android_backend/protected/controllers/PostController.php (26)
in /var/www/android_backend/index.php (13)
2016/03/18 16:38:02 [error] [php] Trying to get property of non-object (/var/www/android_backend/protected/controllers/PostController.php:26)
Stack trace:
#0 /var/www/hitwicket/yii-1.1.13/framework/web/actions/CInlineAction.php(47): CInlineAction->runWithParamsInternal()
#1 /var/www/hitwicket/yii-1.1.13/framework/web/CController.php(308): CInlineAction->runWithParams()
#2 /var/www/hitwicket/yii-1.1.13/framework/web/CController.php(286): PostController->runAction()
#3 /var/www/hitwicket/yii-1.1.13/framework/web/CController.php(265): PostController->runActionWithFilters()
#4 /var/www/hitwicket/yii-1.1.13/framework/web/CWebApplication.php(282): PostController->run()
#5 /var/www/hitwicket/yii-1.1.13/framework/web/CWebApplication.php(141): CWebApplication->runController()
#6 /var/www/hitwicket/yii-1.1.13/framework/base/CApplication.php(169): CWebApplication->processRequest()
#7 /var/www/android_backend/index.php(13): CWebApplication->run()
REQUEST_URI=/android_backend/post/show?postid=0
in /var/www/android_backend/protected/controllers/PostController.php (26)
in /var/www/android_backend/index.php (13)
2016/03/18 16:44:32 [error] [php] Trying to get property of non-object (/var/www/android_backend/protected/controllers/PostController.php:26)
Stack trace:
#0 /var/www/hitwicket/yii-1.1.13/framework/web/actions/CInlineAction.php(47): CInlineAction->runWithParamsInternal()
#1 /var/www/hitwicket/yii-1.1.13/framework/web/CController.php(308): CInlineAction->runWithParams()
#2 /var/www/hitwicket/yii-1.1.13/framework/web/CController.php(286): PostController->runAction()
#3 /var/www/hitwicket/yii-1.1.13/framework/web/CController.php(265): PostController->runActionWithFilters()
#4 /var/www/hitwicket/yii-1.1.13/framework/web/CWebApplication.php(282): PostController->run()
#5 /var/www/hitwicket/yii-1.1.13/framework/web/CWebApplication.php(141): CWebApplication->runController()
#6 /var/www/hitwicket/yii-1.1.13/framework/base/CApplication.php(169): CWebApplication->processRequest()
#7 /var/www/android_backend/index.php(13): CWebApplication->run()
REQUEST_URI=/android_backend/post/show?postid=0
in /var/www/android_backend/protected/controllers/PostController.php (26)
in /var/www/android_backend/index.php (13)
2016/03/18 16:44:40 [error] [php] Trying to get property of non-object (/var/www/android_backend/protected/controllers/PostController.php:26)
Stack trace:
#0 /var/www/hitwicket/yii-1.1.13/framework/web/actions/CInlineAction.php(47): CInlineAction->runWithParamsInternal()
#1 /var/www/hitwicket/yii-1.1.13/framework/web/CController.php(308): CInlineAction->runWithParams()
#2 /var/www/hitwicket/yii-1.1.13/framework/web/CController.php(286): PostController->runAction()
#3 /var/www/hitwicket/yii-1.1.13/framework/web/CController.php(265): PostController->runActionWithFilters()
#4 /var/www/hitwicket/yii-1.1.13/framework/web/CWebApplication.php(282): PostController->run()
#5 /var/www/hitwicket/yii-1.1.13/framework/web/CWebApplication.php(141): CWebApplication->runController()
#6 /var/www/hitwicket/yii-1.1.13/framework/base/CApplication.php(169): CWebApplication->processRequest()
#7 /var/www/android_backend/index.php(13): CWebApplication->run()
REQUEST_URI=/android_backend/post/show?postid=0
in /var/www/android_backend/protected/controllers/PostController.php (26)
in /var/www/android_backend/index.php (13)
2016/03/18 16:45:33 [error] [php] Trying to get property of non-object (/var/www/android_backend/protected/controllers/PostController.php:26)
Stack trace:
#0 /var/www/hitwicket/yii-1.1.13/framework/web/actions/CInlineAction.php(47): CInlineAction->runWithParamsInternal()
#1 /var/www/hitwicket/yii-1.1.13/framework/web/CController.php(308): CInlineAction->runWithParams()
#2 /var/www/hitwicket/yii-1.1.13/framework/web/CController.php(286): PostController->runAction()
#3 /var/www/hitwicket/yii-1.1.13/framework/web/CController.php(265): PostController->runActionWithFilters()
#4 /var/www/hitwicket/yii-1.1.13/framework/web/CWebApplication.php(282): PostController->run()
#5 /var/www/hitwicket/yii-1.1.13/framework/web/CWebApplication.php(141): CWebApplication->runController()
#6 /var/www/hitwicket/yii-1.1.13/framework/base/CApplication.php(169): CWebApplication->processRequest()
#7 /var/www/android_backend/index.php(13): CWebApplication->run()
REQUEST_URI=/android_backend/post/show?postid=0
in /var/www/android_backend/protected/controllers/PostController.php (26)
in /var/www/android_backend/index.php (13)
2016/03/18 16:47:17 [error] [php] Trying to get property of non-object (/var/www/android_backend/protected/controllers/PostController.php:26)
Stack trace:
#0 /var/www/hitwicket/yii-1.1.13/framework/web/actions/CInlineAction.php(47): CInlineAction->runWithParamsInternal()
#1 /var/www/hitwicket/yii-1.1.13/framework/web/CController.php(308): CInlineAction->runWithParams()
#2 /var/www/hitwicket/yii-1.1.13/framework/web/CController.php(286): PostController->runAction()
#3 /var/www/hitwicket/yii-1.1.13/framework/web/CController.php(265): PostController->runActionWithFilters()
#4 /var/www/hitwicket/yii-1.1.13/framework/web/CWebApplication.php(282): PostController->run()
#5 /var/www/hitwicket/yii-1.1.13/framework/web/CWebApplication.php(141): CWebApplication->runController()
#6 /var/www/hitwicket/yii-1.1.13/framework/base/CApplication.php(169): CWebApplication->processRequest()
#7 /var/www/android_backend/index.php(13): CWebApplication->run()
REQUEST_URI=/android_backend/post/show?postid=0
in /var/www/android_backend/protected/controllers/PostController.php (26)
in /var/www/android_backend/index.php (13)
2016/03/18 16:48:05 [error] [php] Trying to get property of non-object (/var/www/android_backend/protected/controllers/PostController.php:26)
Stack trace:
#0 /var/www/hitwicket/yii-1.1.13/framework/web/actions/CInlineAction.php(47): CInlineAction->runWithParamsInternal()
#1 /var/www/hitwicket/yii-1.1.13/framework/web/CController.php(308): CInlineAction->runWithParams()
#2 /var/www/hitwicket/yii-1.1.13/framework/web/CController.php(286): PostController->runAction()
#3 /var/www/hitwicket/yii-1.1.13/framework/web/CController.php(265): PostController->runActionWithFilters()
#4 /var/www/hitwicket/yii-1.1.13/framework/web/CWebApplication.php(282): PostController->run()
#5 /var/www/hitwicket/yii-1.1.13/framework/web/CWebApplication.php(141): CWebApplication->runController()
#6 /var/www/hitwicket/yii-1.1.13/framework/base/CApplication.php(169): CWebApplication->processRequest()
#7 /var/www/android_backend/index.php(13): CWebApplication->run()
REQUEST_URI=/android_backend/post/show?postid=0
in /var/www/android_backend/protected/controllers/PostController.php (26)
in /var/www/android_backend/index.php (13)
2016/03/18 16:48:22 [error] [php] Trying to get property of non-object (/var/www/android_backend/protected/controllers/PostController.php:26)
Stack trace:
#0 /var/www/hitwicket/yii-1.1.13/framework/web/actions/CInlineAction.php(47): CInlineAction->runWithParamsInternal()
#1 /var/www/hitwicket/yii-1.1.13/framework/web/CController.php(308): CInlineAction->runWithParams()
#2 /var/www/hitwicket/yii-1.1.13/framework/web/CController.php(286): PostController->runAction()
#3 /var/www/hitwicket/yii-1.1.13/framework/web/CController.php(265): PostController->runActionWithFilters()
#4 /var/www/hitwicket/yii-1.1.13/framework/web/CWebApplication.php(282): PostController->run()
#5 /var/www/hitwicket/yii-1.1.13/framework/web/CWebApplication.php(141): CWebApplication->runController()
#6 /var/www/hitwicket/yii-1.1.13/framework/base/CApplication.php(169): CWebApplication->processRequest()
#7 /var/www/android_backend/index.php(13): CWebApplication->run()
REQUEST_URI=/android_backend/post/show?postid=0
in /var/www/android_backend/protected/controllers/PostController.php (26)
in /var/www/android_backend/index.php (13)
2016/03/18 16:49:34 [error] [php] Trying to get property of non-object (/var/www/android_backend/protected/controllers/PostController.php:26)
Stack trace:
#0 /var/www/hitwicket/yii-1.1.13/framework/web/actions/CInlineAction.php(47): CInlineAction->runWithParamsInternal()
#1 /var/www/hitwicket/yii-1.1.13/framework/web/CController.php(308): CInlineAction->runWithParams()
#2 /var/www/hitwicket/yii-1.1.13/framework/web/CController.php(286): PostController->runAction()
#3 /var/www/hitwicket/yii-1.1.13/framework/web/CController.php(265): PostController->runActionWithFilters()
#4 /var/www/hitwicket/yii-1.1.13/framework/web/CWebApplication.php(282): PostController->run()
#5 /var/www/hitwicket/yii-1.1.13/framework/web/CWebApplication.php(141): CWebApplication->runController()
#6 /var/www/hitwicket/yii-1.1.13/framework/base/CApplication.php(169): CWebApplication->processRequest()
#7 /var/www/android_backend/index.php(13): CWebApplication->run()
REQUEST_URI=/android_backend/post/show?postid=0
in /var/www/android_backend/protected/controllers/PostController.php (26)
in /var/www/android_backend/index.php (13)
2016/03/18 16:49:37 [error] [php] Trying to get property of non-object (/var/www/android_backend/protected/controllers/PostController.php:26)
Stack trace:
#0 /var/www/hitwicket/yii-1.1.13/framework/web/actions/CInlineAction.php(47): CInlineAction->runWithParamsInternal()
#1 /var/www/hitwicket/yii-1.1.13/framework/web/CController.php(308): CInlineAction->runWithParams()
#2 /var/www/hitwicket/yii-1.1.13/framework/web/CController.php(286): PostController->runAction()
#3 /var/www/hitwicket/yii-1.1.13/framework/web/CController.php(265): PostController->runActionWithFilters()
#4 /var/www/hitwicket/yii-1.1.13/framework/web/CWebApplication.php(282): PostController->run()
#5 /var/www/hitwicket/yii-1.1.13/framework/web/CWebApplication.php(141): CWebApplication->runController()
#6 /var/www/hitwicket/yii-1.1.13/framework/base/CApplication.php(169): CWebApplication->processRequest()
#7 /var/www/android_backend/index.php(13): CWebApplication->run()
REQUEST_URI=/android_backend/post/show?postid=0
in /var/www/android_backend/protected/controllers/PostController.php (26)
in /var/www/android_backend/index.php (13)
2016/03/18 16:49:51 [error] [php] Trying to get property of non-object (/var/www/android_backend/protected/controllers/PostController.php:26)
Stack trace:
#0 /var/www/hitwicket/yii-1.1.13/framework/web/actions/CInlineAction.php(47): CInlineAction->runWithParamsInternal()
#1 /var/www/hitwicket/yii-1.1.13/framework/web/CController.php(308): CInlineAction->runWithParams()
#2 /var/www/hitwicket/yii-1.1.13/framework/web/CController.php(286): PostController->runAction()
#3 /var/www/hitwicket/yii-1.1.13/framework/web/CController.php(265): PostController->runActionWithFilters()
#4 /var/www/hitwicket/yii-1.1.13/framework/web/CWebApplication.php(282): PostController->run()
#5 /var/www/hitwicket/yii-1.1.13/framework/web/CWebApplication.php(141): CWebApplication->runController()
#6 /var/www/hitwicket/yii-1.1.13/framework/base/CApplication.php(169): CWebApplication->processRequest()
#7 /var/www/android_backend/index.php(13): CWebApplication->run()
REQUEST_URI=/android_backend/post/show?postid=0
in /var/www/android_backend/protected/controllers/PostController.php (26)
in /var/www/android_backend/index.php (13)
2016/03/18 16:50:17 [error] [php] Trying to get property of non-object (/var/www/android_backend/protected/controllers/PostController.php:26)
Stack trace:
#0 /var/www/hitwicket/yii-1.1.13/framework/web/actions/CInlineAction.php(47): CInlineAction->runWithParamsInternal()
#1 /var/www/hitwicket/yii-1.1.13/framework/web/CController.php(308): CInlineAction->runWithParams()
#2 /var/www/hitwicket/yii-1.1.13/framework/web/CController.php(286): PostController->runAction()
#3 /var/www/hitwicket/yii-1.1.13/framework/web/CController.php(265): PostController->runActionWithFilters()
#4 /var/www/hitwicket/yii-1.1.13/framework/web/CWebApplication.php(282): PostController->run()
#5 /var/www/hitwicket/yii-1.1.13/framework/web/CWebApplication.php(141): CWebApplication->runController()
#6 /var/www/hitwicket/yii-1.1.13/framework/base/CApplication.php(169): CWebApplication->processRequest()
#7 /var/www/android_backend/index.php(13): CWebApplication->run()
REQUEST_URI=/android_backend/post/show?postid=0
in /var/www/android_backend/protected/controllers/PostController.php (26)
in /var/www/android_backend/index.php (13)
2016/03/18 16:58:00 [error] [php] Trying to get property of non-object (/var/www/android_backend/protected/controllers/PostController.php:26)
Stack trace:
#0 /var/www/hitwicket/yii-1.1.13/framework/web/actions/CInlineAction.php(47): CInlineAction->runWithParamsInternal()
#1 /var/www/hitwicket/yii-1.1.13/framework/web/CController.php(308): CInlineAction->runWithParams()
#2 /var/www/hitwicket/yii-1.1.13/framework/web/CController.php(286): PostController->runAction()
#3 /var/www/hitwicket/yii-1.1.13/framework/web/CController.php(265): PostController->runActionWithFilters()
#4 /var/www/hitwicket/yii-1.1.13/framework/web/CWebApplication.php(282): PostController->run()
#5 /var/www/hitwicket/yii-1.1.13/framework/web/CWebApplication.php(141): CWebApplication->runController()
#6 /var/www/hitwicket/yii-1.1.13/framework/base/CApplication.php(169): CWebApplication->processRequest()
#7 /var/www/android_backend/index.php(13): CWebApplication->run()
REQUEST_URI=/android_backend/post/show?postid=0
in /var/www/android_backend/protected/controllers/PostController.php (26)
in /var/www/android_backend/index.php (13)
2016/03/18 16:58:08 [error] [php] Trying to get property of non-object (/var/www/android_backend/protected/controllers/PostController.php:26)
Stack trace:
#0 /var/www/hitwicket/yii-1.1.13/framework/web/actions/CInlineAction.php(47): CInlineAction->runWithParamsInternal()
#1 /var/www/hitwicket/yii-1.1.13/framework/web/CController.php(308): CInlineAction->runWithParams()
#2 /var/www/hitwicket/yii-1.1.13/framework/web/CController.php(286): PostController->runAction()
#3 /var/www/hitwicket/yii-1.1.13/framework/web/CController.php(265): PostController->runActionWithFilters()
#4 /var/www/hitwicket/yii-1.1.13/framework/web/CWebApplication.php(282): PostController->run()
#5 /var/www/hitwicket/yii-1.1.13/framework/web/CWebApplication.php(141): CWebApplication->runController()
#6 /var/www/hitwicket/yii-1.1.13/framework/base/CApplication.php(169): CWebApplication->processRequest()
#7 /var/www/android_backend/index.php(13): CWebApplication->run()
REQUEST_URI=/android_backend/post/show?postid=0
in /var/www/android_backend/protected/controllers/PostController.php (26)
in /var/www/android_backend/index.php (13)
2016/03/18 17:00:23 [error] [php] Trying to get property of non-object (/var/www/android_backend/protected/controllers/PostController.php:26)
Stack trace:
#0 /var/www/hitwicket/yii-1.1.13/framework/web/actions/CInlineAction.php(47): CInlineAction->runWithParamsInternal()
#1 /var/www/hitwicket/yii-1.1.13/framework/web/CController.php(308): CInlineAction->runWithParams()
#2 /var/www/hitwicket/yii-1.1.13/framework/web/CController.php(286): PostController->runAction()
#3 /var/www/hitwicket/yii-1.1.13/framework/web/CController.php(265): PostController->runActionWithFilters()
#4 /var/www/hitwicket/yii-1.1.13/framework/web/CWebApplication.php(282): PostController->run()
#5 /var/www/hitwicket/yii-1.1.13/framework/web/CWebApplication.php(141): CWebApplication->runController()
#6 /var/www/hitwicket/yii-1.1.13/framework/base/CApplication.php(169): CWebApplication->processRequest()
#7 /var/www/android_backend/index.php(13): CWebApplication->run()
REQUEST_URI=/android_backend/post/show?postid=0
in /var/www/android_backend/protected/controllers/PostController.php (26)
in /var/www/android_backend/index.php (13)
